Determining if the pthread_create exist failed with the following output:
Change Dir: /home/brian/UTRA_ws/odometry/build/CMakeFiles/CMakeTmp

Run Build Command:"/usr/bin/make" "cmTC_b7e94/fast"
/usr/bin/make -f CMakeFiles/cmTC_b7e94.dir/build.make CMakeFiles/cmTC_b7e94.dir/build
make[1]: Entering directory '/home/brian/UTRA_ws/odometry/build/CMakeFiles/CMakeTmp'
Building C object CMakeFiles/cmTC_b7e94.dir/CheckSymbolExists.c.o
/usr/bin/cc     -o CMakeFiles/cmTC_b7e94.dir/CheckSymbolExists.c.o   -c /home/brian/UTRA_ws/odometry/build/CMakeFiles/CMakeTmp/CheckSymbolExists.c
Linking C executable cmTC_b7e94
/usr/bin/cmake -E cmake_link_script CMakeFiles/cmTC_b7e94.dir/link.txt --verbose=1
/usr/bin/cc       CMakeFiles/cmTC_b7e94.dir/CheckSymbolExists.c.o  -o cmTC_b7e94 -rdynamic 
CMakeFiles/cmTC_b7e94.dir/CheckSymbolExists.c.o: In function `main':
CheckSymbolExists.c:(.text+0x16): undefined reference to `pthread_create'
collect2: error: ld returned 1 exit status
CMakeFiles/cmTC_b7e94.dir/build.make:97: recipe for target 'cmTC_b7e94' failed
make[1]: *** [cmTC_b7e94] Error 1
make[1]: Leaving directory '/home/brian/UTRA_ws/odometry/build/CMakeFiles/CMakeTmp'
Makefile:126: recipe for target 'cmTC_b7e94/fast' failed
make: *** [cmTC_b7e94/fast] Error 2

File /home/brian/UTRA_ws/odometry/build/CMakeFiles/CMakeTmp/CheckSymbolExists.c:
/* */
#include <pthread.h>

int main(int argc, char** argv)
{
  (void)argv;
#ifndef pthread_create
  return ((int*)(&pthread_create))[argc];
#else
  (void)argc;
  return 0;
#endif
}

Determining if the function pthread_create exists in the pthreads failed with the following output:
Change Dir: /home/brian/UTRA_ws/odometry/build/CMakeFiles/CMakeTmp

Run Build Command:"/usr/bin/make" "cmTC_ad3eb/fast"
/usr/bin/make -f CMakeFiles/cmTC_ad3eb.dir/build.make CMakeFiles/cmTC_ad3eb.dir/build
make[1]: Entering directory '/home/brian/UTRA_ws/odometry/build/CMakeFiles/CMakeTmp'
Building C object CMakeFiles/cmTC_ad3eb.dir/CheckFunctionExists.c.o
/usr/bin/cc    -DCHECK_FUNCTION_EXISTS=pthread_create   -o CMakeFiles/cmTC_ad3eb.dir/CheckFunctionExists.c.o   -c /usr/share/cmake-3.5/Modules/CheckFunctionExists.c
Linking C executable cmTC_ad3eb
/usr/bin/cmake -E cmake_link_script CMakeFiles/cmTC_ad3eb.dir/link.txt --verbose=1
/usr/bin/cc   -DCHECK_FUNCTION_EXISTS=pthread_create    CMakeFiles/cmTC_ad3eb.dir/CheckFunctionExists.c.o  -o cmTC_ad3eb -rdynamic -lpthreads 
/usr/bin/ld: cannot find -lpthreads
collect2: error: ld returned 1 exit status
CMakeFiles/cmTC_ad3eb.dir/build.make:97: recipe for target 'cmTC_ad3eb' failed
make[1]: *** [cmTC_ad3eb] Error 1
make[1]: Leaving directory '/home/brian/UTRA_ws/odometry/build/CMakeFiles/CMakeTmp'
Makefile:126: recipe for target 'cmTC_ad3eb/fast' failed
make: *** [cmTC_ad3eb/fast] Error 2


