Determining if the pthread_create exist failed with the following output:
Change Dir: /home/brian/UTRA_ART/UTRA_ws/build/CMakeFiles/CMakeTmp

Run Build Command:"/usr/bin/make" "cmTC_db10c/fast"
/usr/bin/make -f CMakeFiles/cmTC_db10c.dir/build.make CMakeFiles/cmTC_db10c.dir/build
make[1]: Entering directory '/home/brian/UTRA_ART/UTRA_ws/build/CMakeFiles/CMakeTmp'
Building C object CMakeFiles/cmTC_db10c.dir/CheckSymbolExists.c.o
/usr/bin/cc     -o CMakeFiles/cmTC_db10c.dir/CheckSymbolExists.c.o   -c /home/brian/UTRA_ART/UTRA_ws/build/CMakeFiles/CMakeTmp/CheckSymbolExists.c
Linking C executable cmTC_db10c
/usr/bin/cmake -E cmake_link_script CMakeFiles/cmTC_db10c.dir/link.txt --verbose=1
/usr/bin/cc       CMakeFiles/cmTC_db10c.dir/CheckSymbolExists.c.o  -o cmTC_db10c -rdynamic 
CMakeFiles/cmTC_db10c.dir/CheckSymbolExists.c.o: In function `main':
CheckSymbolExists.c:(.text+0x16): undefined reference to `pthread_create'
collect2: error: ld returned 1 exit status
CMakeFiles/cmTC_db10c.dir/build.make:97: recipe for target 'cmTC_db10c' failed
make[1]: *** [cmTC_db10c] Error 1
make[1]: Leaving directory '/home/brian/UTRA_ART/UTRA_ws/build/CMakeFiles/CMakeTmp'
Makefile:126: recipe for target 'cmTC_db10c/fast' failed
make: *** [cmTC_db10c/fast] Error 2

File /home/brian/UTRA_ART/UTRA_ws/build/CMakeFiles/CMakeTmp/CheckSymbolExists.c:
/* */
#include <pthread.h>

int main(int argc, char** argv)
{
  (void)argv;
#ifndef pthread_create
  return ((int*)(&pthread_create))[argc];
#else
  (void)argc;
  return 0;
#endif
}

Determining if the function pthread_create exists in the pthreads failed with the following output:
Change Dir: /home/brian/UTRA_ART/UTRA_ws/build/CMakeFiles/CMakeTmp

Run Build Command:"/usr/bin/make" "cmTC_04ec4/fast"
/usr/bin/make -f CMakeFiles/cmTC_04ec4.dir/build.make CMakeFiles/cmTC_04ec4.dir/build
make[1]: Entering directory '/home/brian/UTRA_ART/UTRA_ws/build/CMakeFiles/CMakeTmp'
Building C object CMakeFiles/cmTC_04ec4.dir/CheckFunctionExists.c.o
/usr/bin/cc    -DCHECK_FUNCTION_EXISTS=pthread_create   -o CMakeFiles/cmTC_04ec4.dir/CheckFunctionExists.c.o   -c /usr/share/cmake-3.5/Modules/CheckFunctionExists.c
Linking C executable cmTC_04ec4
/usr/bin/cmake -E cmake_link_script CMakeFiles/cmTC_04ec4.dir/link.txt --verbose=1
/usr/bin/cc   -DCHECK_FUNCTION_EXISTS=pthread_create    CMakeFiles/cmTC_04ec4.dir/CheckFunctionExists.c.o  -o cmTC_04ec4 -rdynamic -lpthreads 
/usr/bin/ld: cannot find -lpthreads
collect2: error: ld returned 1 exit status
CMakeFiles/cmTC_04ec4.dir/build.make:97: recipe for target 'cmTC_04ec4' failed
make[1]: *** [cmTC_04ec4] Error 1
make[1]: Leaving directory '/home/brian/UTRA_ART/UTRA_ws/build/CMakeFiles/CMakeTmp'
Makefile:126: recipe for target 'cmTC_04ec4/fast' failed
make: *** [cmTC_04ec4/fast] Error 2


Determining if the include file pgm.h exists failed with the following output:
Change Dir: /home/brian/UTRA_ART/UTRA_ws/build/CMakeFiles/CMakeTmp

Run Build Command:"/usr/bin/make" "cmTC_6e22b/fast"
/usr/bin/make -f CMakeFiles/cmTC_6e22b.dir/build.make CMakeFiles/cmTC_6e22b.dir/build
make[1]: Entering directory '/home/brian/UTRA_ART/UTRA_ws/build/CMakeFiles/CMakeTmp'
Building CXX object CMakeFiles/cmTC_6e22b.dir/CheckIncludeFile.cxx.o
/usr/bin/c++      -o CMakeFiles/cmTC_6e22b.dir/CheckIncludeFile.cxx.o -c /home/brian/UTRA_ART/UTRA_ws/build/CMakeFiles/CMakeTmp/CheckIncludeFile.cxx
/home/brian/UTRA_ART/UTRA_ws/build/CMakeFiles/CMakeTmp/CheckIncludeFile.cxx:1:17: fatal error: pgm.h: No such file or directory
compilation terminated.
CMakeFiles/cmTC_6e22b.dir/build.make:65: recipe for target 'CMakeFiles/cmTC_6e22b.dir/CheckIncludeFile.cxx.o' failed
make[1]: *** [CMakeFiles/cmTC_6e22b.dir/CheckIncludeFile.cxx.o] Error 1
make[1]: Leaving directory '/home/brian/UTRA_ART/UTRA_ws/build/CMakeFiles/CMakeTmp'
Makefile:126: recipe for target 'cmTC_6e22b/fast' failed
make: *** [cmTC_6e22b/fast] Error 2


